plugin_manager.c:46 :: New instance : 00000140EB09DA60
plugin_manager.c:49 :: Existing instace : 00000140EB09DA60
game_loader.c:127 :: load all shared librairies in directory: plugins
utils_file.c:39 :: Load file: ., size: 0 bytes
utils_file.c:39 :: Load file: .., size: 0 bytes
utils_file.c:39 :: Load file: game_morpion.dll, size: 149504 bytes
utils_file.c:44 :: found library game_morpion.dll
plugin_manager.c:49 :: Existing instace : 00000140EB09DA60
game_loader.c:146 :: Load game dll: game_morpion.dll
plugin_manager.c:145 :: Load shared_library, dir= plugins, name= game_morpion.dll
plugin_manager.c:153 :: Load game plugins//game_morpion.dll
file_record.c:56 :: Constructor filename record_file.txt
irecord.c:38 :: Initialization irecord done 0
plugin_manager.c:49 :: Existing instace : 00000140EB09DA60
arcade.c:46 :: arcade_init
plugin directory: plugins
arcade.c:47 :: game_loader nb of games(todo) 1
arcade.c:72 :: arcde::run_game() 0
person.c:9 :: init with name invalidperson.c:9 :: init with name invalidfile_record.c:112 :: found joueur in record: mic
file_record.c:75 :: Destructor filename record_file.txt
irecord.c:43 :: Destructor base class 0
game_loader.c:61 :: Clear game_loader 1
